<?xml version="1.0" encoding="UTF-8"?>
<!-- Generated by org.testng.reporters.JUnitXMLReporter -->
<testsuite ignored="1" hostname="DESKTOP-CJA0QNI" failures="0" tests="1" name="Default test" time="5.703" errors="0" timestamp="2023-11-02T07:20:29 GMT">
  <testcase classname="com.dhl.test.LoginUITest" name="titleTest" time="0.061"/>
  <testcase classname="com.dhl.test.LoginUITest" name="placeholderTest" time="0.0">
    <ignored/>
  </testcase> <!-- placeholderTest -->
</testsuite> <!-- Default test -->
