<?xml version="1.0" encoding="UTF-8"?>
<!-- Generated by org.testng.reporters.JUnitXMLReporter -->
<testsuite ignored="1" hostname="DESKTOP-CJA0QNI" failures="0" tests="2" name="Default test" time="11.34" errors="0" timestamp="2023-10-31T09:05:57 GMT">
  <testcase classname="com.dhl.test.LoginTest" name="invalidLoginTest" time="1.271"/>
  <testcase classname="com.dhl.test.LoginTest" name="invalidLoginTest" time="1.199"/>
  <testcase classname="com.dhl.test.LoginTest" name="validLoginTest" time="0.0">
    <ignored/>
  </testcase> <!-- validLoginTest -->
</testsuite> <!-- Default test -->
