<?xml version="1.0" encoding="UTF-8"?>
<testng-results ignored="0" total="2" passed="2" failed="0" skipped="0">
  <reporter-output>
  </reporter-output>
  <suite started-at="2023-11-03T10:28:16 GMT" name="OrangeHRMSuite" finished-at="2023-11-03T10:28:28 GMT" duration-ms="11932">
    <groups>
      <group name="ui">
        <method signature="LoginUITest.placeholderTest()[pri:0, instance:com.dhl.test.LoginUITest@3835c46]" name="placeholderTest" class="com.dhl.test.LoginUITest"/>
        <method signature="LoginUITest.titleTest()[pri:0, instance:com.dhl.test.LoginUITest@3835c46]" name="titleTest" class="com.dhl.test.LoginUITest"/>
      </group> <!-- ui -->
      <group name="smoke">
        <method signature="LoginUITest.titleTest()[pri:0, instance:com.dhl.test.LoginUITest@3835c46]" name="titleTest" class="com.dhl.test.LoginUITest"/>
      </group> <!-- smoke -->
    </groups>
    <test started-at="2023-11-03T10:28:16 GMT" name="Login UI Test" finished-at="2023-11-03T10:28:28 GMT" duration-ms="11932">
      <class name="com.dhl.test.LoginUITest">
        <test-method is-config="true" signature="init()[pri:0, instance:com.dhl.test.LoginUITest@3835c46]" started-at="2023-11-03T10:28:16 GMT" name="init" finished-at="2023-11-03T10:28:16 GMT" duration-ms="284" status="PASS">
          <reporter-output>
          </reporter-output>
        </test-method> <!-- init -->
        <test-method is-config="true" signature="setup(java.lang.String,java.lang.reflect.Method)[pri:0, instance:com.dhl.test.LoginUITest@3835c46]" started-at="2023-11-03T10:28:16 GMT" name="setup" finished-at="2023-11-03T10:28:22 GMT" duration-ms="5791" status="PASS">
          <params>
            <param index="0">
              <value>
                <![CDATA[edge]]>
              </value>
            </param>
            <param index="1">
              <value>
                <![CDATA[public void com.dhl.test.LoginUITest.placeholderTest()]]>
              </value>
            </param>
          </params>
          <reporter-output>
          </reporter-output>
        </test-method> <!-- setup -->
        <test-method signature="placeholderTest()[pri:0, instance:com.dhl.test.LoginUITest@3835c46]" started-at="2023-11-03T10:28:22 GMT" name="placeholderTest" finished-at="2023-11-03T10:28:23 GMT" duration-ms="515" status="PASS">
          <reporter-output>
          </reporter-output>
        </test-method> <!-- placeholderTest -->
        <test-method is-config="true" signature="teardown(org.testng.ITestResult)[pri:0, instance:com.dhl.test.LoginUITest@3835c46]" started-at="2023-11-03T10:28:23 GMT" name="teardown" finished-at="2023-11-03T10:28:23 GMT" duration-ms="143" status="PASS">
          <params>
            <param index="0">
              <value>
                <![CDATA[[TestResult name=placeholderTest status=SUCCESS method=LoginUITest.placeholderTest()[pri:0, instance:com.dhl.test.LoginUITest@3835c46] output={null}]]]>
              </value>
            </param>
          </params>
          <reporter-output>
          </reporter-output>
        </test-method> <!-- teardown -->
        <test-method is-config="true" signature="setup(java.lang.String,java.lang.reflect.Method)[pri:0, instance:com.dhl.test.LoginUITest@3835c46]" started-at="2023-11-03T10:28:23 GMT" name="setup" finished-at="2023-11-03T10:28:28 GMT" duration-ms="5287" status="PASS">
          <params>
            <param index="0">
              <value>
                <![CDATA[edge]]>
              </value>
            </param>
            <param index="1">
              <value>
                <![CDATA[public void com.dhl.test.LoginUITest.titleTest()]]>
              </value>
            </param>
          </params>
          <reporter-output>
          </reporter-output>
        </test-method> <!-- setup -->
        <test-method signature="titleTest()[pri:0, instance:com.dhl.test.LoginUITest@3835c46]" started-at="2023-11-03T10:28:28 GMT" name="titleTest" finished-at="2023-11-03T10:28:28 GMT" duration-ms="9" status="PASS">
          <reporter-output>
          </reporter-output>
        </test-method> <!-- titleTest -->
        <test-method is-config="true" signature="teardown(org.testng.ITestResult)[pri:0, instance:com.dhl.test.LoginUITest@3835c46]" started-at="2023-11-03T10:28:28 GMT" name="teardown" finished-at="2023-11-03T10:28:28 GMT" duration-ms="150" status="PASS">
          <params>
            <param index="0">
              <value>
                <![CDATA[[TestResult name=titleTest status=SUCCESS method=LoginUITest.titleTest()[pri:0, instance:com.dhl.test.LoginUITest@3835c46] output={null}]]]>
              </value>
            </param>
          </params>
          <reporter-output>
          </reporter-output>
        </test-method> <!-- teardown -->
        <test-method is-config="true" signature="end()[pri:0, instance:com.dhl.test.LoginUITest@3835c46]" started-at="2023-11-03T10:28:28 GMT" name="end" finished-at="2023-11-03T10:28:29 GMT" duration-ms="308" status="PASS">
          <reporter-output>
          </reporter-output>
        </test-method> <!-- end -->
      </class> <!-- com.dhl.test.LoginUITest -->
    </test> <!-- Login UI Test -->
  </suite> <!-- OrangeHRMSuite -->
</testng-results>
