<?xml version="1.0" encoding="UTF-8"?>
<testng-results ignored="0" total="2" passed="2" failed="0" skipped="0">
  <reporter-output>
  </reporter-output>
  <suite started-at="2023-10-30T09:44:24 GMT" name="Default suite" finished-at="2023-10-30T09:44:37 GMT" duration-ms="13088">
    <groups>
    </groups>
    <test started-at="2023-10-30T09:44:24 GMT" name="Default test" finished-at="2023-10-30T09:44:37 GMT" duration-ms="13088">
      <class name="com.dhl.test.LoginTest">
        <test-method is-config="true" signature="setup()[pri:0, instance:com.dhl.test.LoginTest@12aba8be]" started-at="2023-10-30T09:44:24 GMT" name="setup" finished-at="2023-10-30T09:44:30 GMT" duration-ms="5616" status="PASS">
          <reporter-output>
          </reporter-output>
        </test-method> <!-- setup -->
        <test-method signature="invalidLoginTest()[pri:0, instance:com.dhl.test.LoginTest@12aba8be]" started-at="2023-10-30T09:44:30 GMT" name="invalidLoginTest" finished-at="2023-10-30T09:44:31 GMT" duration-ms="1275" status="PASS">
          <reporter-output>
          </reporter-output>
        </test-method> <!-- invalidLoginTest -->
        <test-method is-config="true" signature="teardown()[pri:0, instance:com.dhl.test.LoginTest@12aba8be]" started-at="2023-10-30T09:44:31 GMT" name="teardown" finished-at="2023-10-30T09:44:31 GMT" duration-ms="180" status="PASS">
          <reporter-output>
          </reporter-output>
        </test-method> <!-- teardown -->
        <test-method is-config="true" signature="setup()[pri:0, instance:com.dhl.test.LoginTest@12aba8be]" started-at="2023-10-30T09:44:31 GMT" name="setup" finished-at="2023-10-30T09:44:35 GMT" duration-ms="4156" status="PASS">
          <reporter-output>
          </reporter-output>
        </test-method> <!-- setup -->
        <test-method signature="validLoginTest()[pri:0, instance:com.dhl.test.LoginTest@12aba8be]" started-at="2023-10-30T09:44:35 GMT" name="validLoginTest" finished-at="2023-10-30T09:44:37 GMT" duration-ms="1661" status="PASS">
          <reporter-output>
          </reporter-output>
        </test-method> <!-- validLoginTest -->
        <test-method is-config="true" signature="teardown()[pri:0, instance:com.dhl.test.LoginTest@12aba8be]" started-at="2023-10-30T09:44:37 GMT" name="teardown" finished-at="2023-10-30T09:44:37 GMT" duration-ms="132" status="PASS">
          <reporter-output>
          </reporter-output>
        </test-method> <!-- teardown -->
      </class> <!-- com.dhl.test.LoginTest -->
    </test> <!-- Default test -->
  </suite> <!-- Default suite -->
</testng-results>
