<?xml version="1.0" encoding="UTF-8"?>
<testng-results ignored="0" total="2" passed="2" failed="0" skipped="0">
  <reporter-output>
  </reporter-output>
  <suite started-at="2023-11-02T06:43:48 GMT" name="Default suite" finished-at="2023-11-02T06:43:56 GMT" duration-ms="8057">
    <groups>
      <group name="ui">
        <method signature="LoginUITest.placeholderTest()[pri:0, instance:com.dhl.test.LoginUITest@d86a6f]" name="placeholderTest" class="com.dhl.test.LoginUITest"/>
        <method signature="LoginUITest.titleTest()[pri:0, instance:com.dhl.test.LoginUITest@d86a6f]" name="titleTest" class="com.dhl.test.LoginUITest"/>
      </group> <!-- ui -->
      <group name="smoke">
        <method signature="LoginUITest.titleTest()[pri:0, instance:com.dhl.test.LoginUITest@d86a6f]" name="titleTest" class="com.dhl.test.LoginUITest"/>
      </group> <!-- smoke -->
    </groups>
    <test started-at="2023-11-02T06:43:48 GMT" name="Default test" finished-at="2023-11-02T06:43:56 GMT" duration-ms="8057">
      <class name="com.dhl.test.LoginUITest">
        <test-method is-config="true" signature="init()[pri:0, instance:com.dhl.test.LoginUITest@d86a6f]" started-at="2023-11-02T06:43:48 GMT" name="init" finished-at="2023-11-02T06:43:48 GMT" duration-ms="346" status="PASS">
          <reporter-output>
          </reporter-output>
        </test-method> <!-- init -->
        <test-method is-config="true" signature="setup(java.lang.String,java.lang.reflect.Method)[pri:0, instance:com.dhl.test.LoginUITest@d86a6f]" started-at="2023-11-02T06:43:48 GMT" name="setup" finished-at="2023-11-02T06:43:52 GMT" duration-ms="3923" status="PASS">
          <params>
            <param index="0">
              <value>
                <![CDATA[ch]]>
              </value>
            </param>
            <param index="1">
              <value>
                <![CDATA[public void com.dhl.test.LoginUITest.placeholderTest()]]>
              </value>
            </param>
          </params>
          <reporter-output>
          </reporter-output>
        </test-method> <!-- setup -->
        <test-method signature="placeholderTest()[pri:0, instance:com.dhl.test.LoginUITest@d86a6f]" started-at="2023-11-02T06:43:52 GMT" name="placeholderTest" finished-at="2023-11-02T06:43:52 GMT" duration-ms="465" status="PASS">
          <reporter-output>
          </reporter-output>
        </test-method> <!-- placeholderTest -->
        <test-method is-config="true" signature="teardown(org.testng.ITestResult)[pri:0, instance:com.dhl.test.LoginUITest@d86a6f]" started-at="2023-11-02T06:43:52 GMT" name="teardown" finished-at="2023-11-02T06:43:52 GMT" duration-ms="164" status="PASS">
          <params>
            <param index="0">
              <value>
                <![CDATA[[TestResult name=placeholderTest status=SUCCESS method=LoginUITest.placeholderTest()[pri:0, instance:com.dhl.test.LoginUITest@d86a6f] output={null}]]]>
              </value>
            </param>
          </params>
          <reporter-output>
          </reporter-output>
        </test-method> <!-- teardown -->
        <test-method is-config="true" signature="setup(java.lang.String,java.lang.reflect.Method)[pri:0, instance:com.dhl.test.LoginUITest@d86a6f]" started-at="2023-11-02T06:43:52 GMT" name="setup" finished-at="2023-11-02T06:43:56 GMT" duration-ms="3240" status="PASS">
          <params>
            <param index="0">
              <value>
                <![CDATA[ch]]>
              </value>
            </param>
            <param index="1">
              <value>
                <![CDATA[public void com.dhl.test.LoginUITest.titleTest()]]>
              </value>
            </param>
          </params>
          <reporter-output>
          </reporter-output>
        </test-method> <!-- setup -->
        <test-method signature="titleTest()[pri:0, instance:com.dhl.test.LoginUITest@d86a6f]" started-at="2023-11-02T06:43:56 GMT" name="titleTest" finished-at="2023-11-02T06:43:56 GMT" duration-ms="9" status="PASS">
          <reporter-output>
          </reporter-output>
        </test-method> <!-- titleTest -->
        <test-method is-config="true" signature="teardown(org.testng.ITestResult)[pri:0, instance:com.dhl.test.LoginUITest@d86a6f]" started-at="2023-11-02T06:43:56 GMT" name="teardown" finished-at="2023-11-02T06:43:56 GMT" duration-ms="209" status="PASS">
          <params>
            <param index="0">
              <value>
                <![CDATA[[TestResult name=titleTest status=SUCCESS method=LoginUITest.titleTest()[pri:0, instance:com.dhl.test.LoginUITest@d86a6f] output={null}]]]>
              </value>
            </param>
          </params>
          <reporter-output>
          </reporter-output>
        </test-method> <!-- teardown -->
        <test-method is-config="true" signature="end()[pri:0, instance:com.dhl.test.LoginUITest@d86a6f]" started-at="2023-11-02T06:43:56 GMT" name="end" finished-at="2023-11-02T06:43:56 GMT" duration-ms="296" status="PASS">
          <reporter-output>
          </reporter-output>
        </test-method> <!-- end -->
      </class> <!-- com.dhl.test.LoginUITest -->
    </test> <!-- Default test -->
  </suite> <!-- Default suite -->
</testng-results>
